Determining if the pthread_create exist failed with the following output:
Change Dir: /mnt/ntfs/AUV/turtle/catkin_ws/src/nums/build/CMakeFiles/CMakeTmp

Run Build Command:"/usr/bin/make" "cmTC_e2b09/fast"
/usr/bin/make -f CMakeFiles/cmTC_e2b09.dir/build.make CMakeFiles/cmTC_e2b09.dir/build
make[1]: Entering directory '/mnt/ntfs/AUV/turtle/catkin_ws/src/nums/build/CMakeFiles/CMakeTmp'
Building C object CMakeFiles/cmTC_e2b09.dir/CheckSymbolExists.c.o
/usr/bin/gcc-7    -o CMakeFiles/cmTC_e2b09.dir/CheckSymbolExists.c.o   -c /mnt/ntfs/AUV/turtle/catkin_ws/src/nums/build/CMakeFiles/CMakeTmp/CheckSymbolExists.c
Linking C executable cmTC_e2b09
/usr/bin/cmake -E cmake_link_script CMakeFiles/cmTC_e2b09.dir/link.txt --verbose=1
/usr/bin/gcc-7      -rdynamic CMakeFiles/cmTC_e2b09.dir/CheckSymbolExists.c.o  -o cmTC_e2b09 
CMakeFiles/cmTC_e2b09.dir/CheckSymbolExists.c.o: In function `main':
CheckSymbolExists.c:(.text+0x1b): undefined reference to `pthread_create'
collect2: error: ld returned 1 exit status
CMakeFiles/cmTC_e2b09.dir/build.make:97: recipe for target 'cmTC_e2b09' failed
make[1]: *** [cmTC_e2b09] Error 1
make[1]: Leaving directory '/mnt/ntfs/AUV/turtle/catkin_ws/src/nums/build/CMakeFiles/CMakeTmp'
Makefile:126: recipe for target 'cmTC_e2b09/fast' failed
make: *** [cmTC_e2b09/fast] Error 2

File /mnt/ntfs/AUV/turtle/catkin_ws/src/nums/build/CMakeFiles/CMakeTmp/CheckSymbolExists.c:
/* */
#include <pthread.h>

int main(int argc, char** argv)
{
  (void)argv;
#ifndef pthread_create
  return ((int*)(&pthread_create))[argc];
#else
  (void)argc;
  return 0;
#endif
}

Determining if the function pthread_create exists in the pthreads failed with the following output:
Change Dir: /mnt/ntfs/AUV/turtle/catkin_ws/src/nums/build/CMakeFiles/CMakeTmp

Run Build Command:"/usr/bin/make" "cmTC_66067/fast"
/usr/bin/make -f CMakeFiles/cmTC_66067.dir/build.make CMakeFiles/cmTC_66067.dir/build
make[1]: Entering directory '/mnt/ntfs/AUV/turtle/catkin_ws/src/nums/build/CMakeFiles/CMakeTmp'
Building C object CMakeFiles/cmTC_66067.dir/CheckFunctionExists.c.o
/usr/bin/gcc-7   -DCHECK_FUNCTION_EXISTS=pthread_create   -o CMakeFiles/cmTC_66067.dir/CheckFunctionExists.c.o   -c /usr/share/cmake-3.10/Modules/CheckFunctionExists.c
Linking C executable cmTC_66067
/usr/bin/cmake -E cmake_link_script CMakeFiles/cmTC_66067.dir/link.txt --verbose=1
/usr/bin/gcc-7  -DCHECK_FUNCTION_EXISTS=pthread_create    -rdynamic CMakeFiles/cmTC_66067.dir/CheckFunctionExists.c.o  -o cmTC_66067 -lpthreads 
/usr/bin/ld: cannot find -lpthreads
collect2: error: ld returned 1 exit status
CMakeFiles/cmTC_66067.dir/build.make:97: recipe for target 'cmTC_66067' failed
make[1]: *** [cmTC_66067] Error 1
make[1]: Leaving directory '/mnt/ntfs/AUV/turtle/catkin_ws/src/nums/build/CMakeFiles/CMakeTmp'
Makefile:126: recipe for target 'cmTC_66067/fast' failed
make: *** [cmTC_66067/fast] Error 2


